<?xml version="1.0" encoding="UTF-8"?>
<!-- Generated by org.testng.reporters.JUnitXMLReporter -->
<testsuite ignored="0" hostname="DESKTOP-DD2URVG" failures="0" tests="1" name="LoginTests3" time="0.395" errors="0" timestamp="2025-05-12T14:11:10 IST">
  <testcase classname="testbase.BaseClassJava" name="@BeforeClass setup" time="-1.747039270084E9">
    <failure type="org.testng.TestNGException" message="
Method setup requires 2 parameters but 1 were supplied in the BeforeClass annotation.">
      <![CDATA[org.testng.TestNGException: 
Method setup requires 2 parameters but 1 were supplied in the BeforeClass annotation.
at java.base/java.util.ArrayList.forEach(ArrayList.java:1596)
at java.base/java.util.concurrent.FutureTask.run(FutureTask.java:317)
at java.base/java.util.concurrent.ThreadPoolExecutor.runWorker(ThreadPoolExecutor.java:1144)
at java.base/java.util.concurrent.ThreadPoolExecutor$Worker.run(ThreadPoolExecutor.java:642)
at java.base/java.lang.Thread.run(Thread.java:1583)
... Removed 12 stack frames]]>
    </failure>
  </testcase> <!-- @BeforeClass setup -->
  <testcase classname="testCases.TC001_AccountRegistrationTest" name="verify_account_registration" time="0.0">
    <skipped/>
  </testcase> <!-- verify_account_registration -->
</testsuite> <!-- LoginTests3 -->
