<?xml version="1.0" encoding="UTF-8"?>
<!-- Generated by org.testng.reporters.JUnitXMLReporter -->
<testsuite ignored="0" hostname="DESKTOP-DD2URVG" failures="0" tests="2" name="Surefire test" time="0.219" errors="0" timestamp="2025-05-18T21:56:33 IST">
  <testcase classname="testbase.BaseClassJava" name="@BeforeClass setup" time="-1.747585592956E9">
    <failure type="org.testng.TestNGException" message="
Method setup requires 2 parameters but 1 were supplied in the BeforeClass annotation.">
      <![CDATA[org.testng.TestNGException: 
Method setup requires 2 parameters but 1 were supplied in the BeforeClass annotation.
at java.base/java.util.ArrayList.forEach(ArrayList.java:1596)
... Removed 27 stack frames]]>
    </failure>
  </testcase> <!-- @BeforeClass setup -->
  <testcase classname="testbase.BaseClassJava" name="@AfterClass tearup" time="0.0">
    <skipped/>
  </testcase> <!-- @AfterClass tearup -->
  <testcase classname="testbase.BaseClassJava" name="@BeforeClass setup" time="-1.747585593096E9">
    <failure type="org.testng.TestNGException" message="
Method setup requires 2 parameters but 1 were supplied in the BeforeClass annotation.">
      <![CDATA[org.testng.TestNGException: 
Method setup requires 2 parameters but 1 were supplied in the BeforeClass annotation.
at java.base/java.util.ArrayList.forEach(ArrayList.java:1596)
... Removed 27 stack frames]]>
    </failure>
  </testcase> <!-- @BeforeClass setup -->
  <testcase classname="testbase.BaseClassJava" name="@AfterClass tearup" time="0.0">
    <skipped/>
  </testcase> <!-- @AfterClass tearup -->
  <testcase classname="testCases.TC001_AccountRegistrationTest" name="verify_account_registration" time="0.0">
    <skipped/>
  </testcase> <!-- verify_account_registration -->
  <testcase classname="testCases.TC002_LoginTest" name="verifylogin" time="0.0">
    <skipped/>
  </testcase> <!-- verifylogin -->
</testsuite> <!-- Surefire test -->
